[00:02:40] [Server thread/INFO]: [FxxkingPanda23: Set own game mode to Creative Mode]
[00:03:15] [Server thread/INFO]: [FxxkingPanda23: Set own game mode to Survival Mode]
[00:09:55] [Server thread/INFO]: [FxxkingPanda23: Set own game mode to Creative Mode]
[00:12:34] [Server thread/INFO]: [FxxkingPanda23: Set own game mode to Survival Mode]
[00:25:53] [Server thread/INFO]: [FxxkingPanda23: Gave 1 [Furnace] to FxxkingPanda23]
[00:32:07] [Server thread/INFO]: [FxxkingPanda23: Set own game mode to Creative Mode]
[00:35:57] [Server thread/INFO]: [FxxkingPanda23: Set own game mode to Survival Mode]
[00:47:52] [Server thread/INFO]: [FxxkingPanda23: Gave 128 [Glass] to FxxkingPanda23]
[00:49:24] [Server thread/INFO]: [FxxkingPanda23: Gave 1 [Lava Bucket] to FxxkingPanda23]
[00:49:53] [Server thread/INFO]: [FxxkingPanda23: Gave 1 [Hopper] to FxxkingPanda23]
[00:51:23] [Server thread/INFO]: FxxkingPanda23 lost connection: Disconnected
[00:51:23] [Server thread/INFO]: FxxkingPanda23 left the game
[00:52:22] [Server thread/INFO]: Server empty for 60 seconds, pausing
[00:53:06] [Server thread/INFO]: FxxkingPanda23[/100.75.53.124:65014] logged in with entity id 60485 at (-867.0378607431323, 72.0, 904.3732425267641)
[00:53:06] [Server thread/INFO]: FxxkingPanda23 joined the game
[00:53:20] [Server thread/INFO]: [FxxkingPanda23: Set own game mode to Creative Mode]
[00:57:27] [Server thread/INFO]: [FxxkingPanda23: Set own game mode to Survival Mode]
[01:08:52] [Server thread/INFO]: FxxkingPanda23 lost connection: Disconnected
[01:08:52] [Server thread/INFO]: FxxkingPanda23 left the game
[01:08:56] [Server thread/INFO]: FxxkingPanda23[/100.75.53.124:65152] logged in with entity id 65665 at (-864.3093435967492, 81.0, 841.0915453096654)
[01:08:56] [Server thread/INFO]: FxxkingPanda23 joined the game
[01:37:59] [Server thread/INFO]: Villager class_1646['Villager'/65787, l='ServerLevel[world]', x=-830.30, y=60.00, z=785.30] died, message: 'Villager was squished too much'
[01:39:12] [Server thread/INFO]: Mattiu04[/100.84.128.80:50419] logged in with entity id 231999 at (-174.32606562309618, 67.0, 35.290698469155394)
[01:39:12] [Server thread/INFO]: Mattiu04 joined the game
[01:40:43] [Server thread/INFO]: [Not Secure] <FxxkingPanda23> duerma
[01:41:14] [Server thread/INFO]: [Not Secure] <FxxkingPanda23> duerma pollo
[01:41:25] [Server thread/INFO]: [Not Secure] <Mattiu04> DUERMA HP
